749
88 91 
37 40 
165 169 
454 455 
511 513 
553 563 
125
72 76 
385 388 
199 200 
427 428 
3
387
137 138 
862 866 
405 407 
182 183 
885 891 
127
217
22
775
441
242 243 
676 681 
721 726 
371 372 
287
113
516
47 51 
401 403 
270 273 
723
499
532
149
546
181
254
196
410 413 
247
255
689 695 
114 116 
812
629
542 543 
469 471 
227 231 
406
210
245
148
411
503 510 
8 10 
449 452 
152 153 
808 814 
73
743
2 6 
145
768
991 993 
889
338 339 
389
470 474 
26 27 
344 345 
155 157 
758 760 
95 96 
852
89
300
393
571 573 
482 484 
150 151 
32 36 
536
34
275
586 589 
90
659 660 
461 464 
497
341 343 
408 409 
320
101 102 
272
608 609 
580 582 
283
636 637 
251
386 390 
495 496 
50
479
296
166
504
329
241
391
581 583 
899
288 289 
219
278
189
724
201
572 578 
304 306 
713
604
11
298
19
446
924
261
472
302
28
872 873 
896
480
109
820
677
437 438 
817 818 
551
661 662 
262 263 
847 856 
487 490 
38
731 735 
104 105 
44 46 
995 996 
752 753 
613
727
463
577 579 
664 665 
478 481 
619 620 
370
23
567
596
171 175 
48
160 162 
468
202
728
414 415 
416
750 751 
392 394 
327 330 
69 71 
858 861 
707
257 259 
65 66 
197
60
9
509
557
644
309
30 31 
67 68 
488
301
736
211
87
763 765 
906
500
286
78
442
117 118 
376 382 
421
156 158 
746
106
248 249 
717 720 
209
777
179
194
467
228
281
450
81
373 375 
121
49 52 
314
4
167
799
265
70
154
483
93 94 
878
829
16
475 476 
108 115 
216
801 805 
534 537 
928 929 
139
550
97 99 
24
260
92
514
222
869
355 359 
815
622 624 
712
431
744 749 
981 982 
789 793 
98
140
62
576
229
253 256 
312
803
451
745
220
769 770 
103
946 947 
225
836
277
361
778
332
25
602
29
881 882 
404
237 238 
319
258
688
715 716 
58 59 
606
13
485
921
809
711 714 
663
870
77
350 353 
913
638
937 941 
544 545 
120
280 285 
18 20 
111
423
756
146 147 
930 932 
594
830
502
623
397
950
908
492 494 
979 980 
176
614
7
949 952 
559
477
331 335 
860
5
652
645
35
358
233
141
994
193
773 774 
824 825 
61 64 
234 236 
911 912 
670 673 
42
974 977 
669
865
654
460
784
21
203
627
849
964
605
41
433
632 633 
617 618 
55 57 
961 965 
706
888
702
348
439
923
323
39
876 879 
786
703 705 
794 795 
45
14
43
424 426 
274
377
143 144 
641
992
356
334
506
132
112
74
100
826
493
890
630 631 
240
12 15 
347
893
626
75
616
755
184
83
204 206 
282
187
781 782 
279
178
839
63
505
133 134 
311
445 447 
53 54 
378
432 434 
709 710 
903 904 
868 871 
457
267
692
303
837 840 
969
436
967 973 
250 252 
435
268
1
612 615 
988 990 
362
142
328
671
700 701 
17
136
208
135
850
798 800 
294
512 517 
554
186
276
299
418 422 
972
110
293
400
232
336 337 
130 131 
168 172 
224 226 
541
942
381
848
215 218 
379
519
235
352
761
998
997
290 291 
367
177
835 838 
443 444 
962
648
292
192
934 940 
318 321 
518 521 
894 898 
159
465 466 
588
82 84 
374
205
520
867
767
369
943 945 
987
56
305
827
737 740 
828 832 
591
698 699 
161 163 
954
525 528 
349
340
107
195 198 
694
351
357
317
486
170
530
380
687
683 684 
584
412
915 916 
85 86 
880
922
729
892 897 
877
79 80 
566 568 
316
284
342
360
473
364
733
230
515
524 527 
603 607 
430
333
383 384 
295 297 
666 668 
610
540
346
173 180 
776
315
395 398 
429
783 788 
420
957 958 
796 797 
759 762 
819
679
239
458 459 
936
678
747
213
560
771
325
462
833 834 
963
779
653 657 
732
565
533
742
951
570
538
207 214 
507
841 846 
939
526
212
174
704
124 126 
734
555
396
853 857 
366 368 
718
598 599 
953 956 
313
221 223 
453
754
926
960 968 
363 365 
322 324 
498 501 
164
561
647
440
719
574
508
539
625 628 
307 310 
806 810 
119 123 
650
489
549
984 985 
569
597
33
909 910 
643 651 
674 675 
522 523 
556
959
914
448
682
667
326
757
128 129 
966
821
813 816 
887
531
649
655
425
785
901 902 
907
725
593
600 601 
354
905
640
244 246 
642
680
646
766
831
685 686 
672
658
691
787
792
722
978
592
611
741
730
308
122
804
900
456
802
575
970
807
971
859
562 564 
491
976
690
790
842
986
639
918 919 
920 927 
739
851
696 697 
955
764
855
863
693
621
656
185 190 
822
843
811
874
590 595 
772
935
845
875
547 548 
864
708
886
417 419 
399 402 
931
188 191 
269 271 
738
634 635 
780
748
791
529 535 
925
938
823
844
948
854
895
944
917
933
989
264 266 
975
883 884 
983
552 558 
585 587 
