500
22
9
60
197
19
4
167
11
13
14
43
48
23
28
1
81
17
3
16
34
5
21
203
38
208
29
39
90
24
125
7
106
41
77
25
111
83
45
209
35
50
75
89
92
113
63
87
211
70
154
74
100
196
78
33
149
181
103
98
140
62
127
120
174
121
201
136
166
179
194
148
187
110
139
109
202
142
178
184
42
56
189
192
73
135
107
112
132
176
145
177
122
141
159
193
205
164
170
186
210
217
229
212
225
393
286
213
222
219
278
296
251
228
281
233
358
230
283
261
277
254
241
329
347
216
298
320
267
247
255
245
364
272
301
274
309
284
316
279
294
275
232
313
239
287
312
302
367
299
240
268
292
220
319
258
260
265
314
235
352
317
357
351
348
282
303
334
356
305
323
276
300
369
360
325
389
349
311
326
293
308
381
328
370
332
387
354
315
333
340
342
362
346
377
374
361
378
379
380
391
416
596
567
536
497
404
546
400
457
463
435
420
442
439
411
396
448
516
605
433
421
488
423
539
406
446
440
412
584
436
441
514
451
467
456
483
540
549
431
508
574
468
502
397
588
460
425
504
430
507
489
479
559
477
485
472
473
450
462
429
550
499
532
486
453
509
557
561
533
565
604
480
506
594
570
538
500
520
530
493
551
541
519
491
505
602
555
592
515
569
526
554
560
576
531
556
591
575
593
597
638
706
606
627
723
614
610
623
611
741
616
755
644
663
688
613
727
679
646
645
652
640
647
639
736
730
621
656
678
747
629
626
648
702
669
687
692
739
641
650
667
658
672
708
729
746
682
732
728
712
742
680
642
649
655
671
776
724
693
654
784
754
694
722
792
779
690
745
707
738
786
713
764
677
756
725
718
719
704
743
691
771
757
777
768
761
775
748
733
772
734
766
767
799
778
780
785
787
790
791
802
831
836
815
964
849
851
843
811
874
845
830
807
821
921
809
880
922
812
887
863
855
803
886
819
942
804
827
829
878
852
823
844
839
906
875
888
860
820
864
997
998
869
931
850
899
890
826
889
923
896
936
913
877
867
859
939
908
950
848
933
989
870
970
924
914
959
822
951
865
938
925
935
975
905
842
954
972
900
962
944
895
854
926
978
971
907
893
986
948
987
917
976
955
994
963
966
983
969
992
